# JRE version: Java(TM) SE Runtime Environment (8.0_31-b13) (build 1.8.0_31-b13)
# Java VM: Java HotSpot(TM) 64-Bit Server VM (25.31-b07 mixed mode bsd-amd64 compressed oops)
Heap:
 PSYoungGen      total 300544K, used 9181K [0x00000007aab00000, 0x00000007c0000000, 0x00000007c0000000)
  eden space 260096K, 3% used [0x00000007aab00000,0x00000007ab3f76e0,0x00000007ba900000)
  from space 40448K, 0% used [0x00000007ba900000,0x00000007ba900000,0x00000007bd080000)
  to   space 40448K, 0% used [0x00000007bd880000,0x00000007bd880000,0x00000007c0000000)
 ParOldGen       total 197632K, used 61980K [0x0000000780000000, 0x000000078c100000, 0x00000007aab00000)
  object space 197632K, 31% used [0x0000000780000000,0x0000000783c87160,0x000000078c100000)
 Metaspace       used 67108K, capacity 69806K, committed 95232K, reserved 1128448K
  class space    used 9002K, capacity 9899K, committed 15360K, reserved 1048576K
GC Heap History (10 events):
Event: 3295.027 GC heap before
{Heap before GC invocations=26 (full 7):
 PSYoungGen      total 292352K, used 101412K [0x00000007aab00000, 0x00000007bf900000, 0x00000007c0000000)
  eden space 262144K, 27% used [0x00000007aab00000,0x00000007af1fbf10,0x00000007bab00000)
  from space 30208K, 95% used [0x00000007bdb80000,0x00000007bf78d180,0x00000007bf900000)
  to   space 39936K, 0% used [0x00000007bab00000,0x00000007bab00000,0x00000007bd200000)
 ParOldGen       total 197632K, used 84704K [0x0000000780000000, 0x000000078c100000, 0x00000007aab00000)
  object space 197632K, 42% used [0x0000000780000000,0x00000007852b8298,0x000000078c100000)
 Metaspace       used 92579K, capacity 98308K, committed 99328K, reserved 1132544K
  class space    used 13009K, capacity 15028K, committed 15360K, reserved 1048576K
Event: 3295.044 GC heap after
Heap after GC invocations=26 (full 7):
 PSYoungGen      total 274944K, used 12394K [0x00000007aab00000, 0x00000007bf600000, 0x00000007c0000000)
  eden space 262144K, 0% used [0x00000007aab00000,0x00000007aab00000,0x00000007bab00000)
  from space 12800K, 96% used [0x00000007bab00000,0x00000007bb71aaa0,0x00000007bb780000)
  to   space 38400K, 0% used [0x00000007bd080000,0x00000007bd080000,0x00000007bf600000)
 ParOldGen       total 197632K, used 84712K [0x0000000780000000, 0x000000078c100000, 0x00000007aab00000)
  object space 197632K, 42% used [0x0000000780000000,0x00000007852ba298,0x000000078c100000)
 Metaspace       used 92579K, capacity 98308K, committed 99328K, reserved 1132544K
  class space    used 13009K, capacity 15028K, committed 15360K, reserved 1048576K
}
Event: 3295.044 GC heap before
{Heap before GC invocations=27 (full 8):
 PSYoungGen      total 274944K, used 12394K [0x00000007aab00000, 0x00000007bf600000, 0x00000007c0000000)
  eden space 262144K, 0% used [0x00000007aab00000,0x00000007aab00000,0x00000007bab00000)
  from space 12800K, 96% used [0x00000007bab00000,0x00000007bb71aaa0,0x00000007bb780000)
  to   space 38400K, 0% used [0x00000007bd080000,0x00000007bd080000,0x00000007bf600000)
 ParOldGen       total 197632K, used 84712K [0x0000000780000000, 0x000000078c100000, 0x00000007aab00000)
  object space 197632K, 42% used [0x0000000780000000,0x00000007852ba298,0x000000078c100000)
 Metaspace       used 92579K, capacity 98308K, committed 99328K, reserved 1132544K
  class space    used 13009K, capacity 15028K, committed 15360K, reserved 1048576K
Event: 3295.511 GC heap after
Heap after GC invocations=27 (full 8):
 PSYoungGen      total 274944K, used 0K [0x00000007aab00000, 0x00000007bf600000, 0x00000007c0000000)
  eden space 262144K, 0% used [0x00000007aab00000,0x00000007aab00000,0x00000007bab00000)
  from space 12800K, 0% used [0x00000007bab00000,0x00000007bab00000,0x00000007bb780000)
  to   space 38400K, 0% used [0x00000007bd080000,0x00000007bd080000,0x00000007bf600000)
 ParOldGen       total 197632K, used 62540K [0x0000000780000000, 0x000000078c100000, 0x00000007aab00000)
  object space 197632K, 31% used [0x0000000780000000,0x0000000783d13050,0x000000078c100000)
 Metaspace       used 58352K, capacity 59912K, committed 95232K, reserved 1128448K
  class space    used 7628K, capacity 8100K, committed 15360K, reserved 1048576K
}
Event: 3477.740 GC heap before
{Heap before GC invocations=28 (full 8):
 PSYoungGen      total 274944K, used 262144K [0x00000007aab00000, 0x00000007bf600000, 0x00000007c0000000)
  eden space 262144K, 100% used [0x00000007aab00000,0x00000007bab00000,0x00000007bab00000)
  from space 12800K, 0% used [0x00000007bab00000,0x00000007bab00000,0x00000007bb780000)
  to   space 38400K, 0% used [0x00000007bd080000,0x00000007bd080000,0x00000007bf600000)
 ParOldGen       total 197632K, used 62540K [0x0000000780000000, 0x000000078c100000, 0x00000007aab00000)
  object space 197632K, 31% used [0x0000000780000000,0x0000000783d13050,0x000000078c100000)
 Metaspace       used 65299K, capacity 67812K, committed 95232K, reserved 1128448K
  class space    used 8696K, capacity 9581K, committed 15360K, reserved 1048576K
Event: 3477.813 GC heap after
Heap after GC invocations=28 (full 8):
 PSYoungGen      total 298496K, used 27222K [0x00000007aab00000, 0x00000007c0000000, 0x00000007c0000000)
  eden space 260096K, 0% used [0x00000007aab00000,0x00000007aab00000,0x00000007ba900000)
  from space 38400K, 70% used [0x00000007bd080000,0x00000007beb15830,0x00000007bf600000)
  to   space 40448K, 0% used [0x00000007ba900000,0x00000007ba900000,0x00000007bd080000)
 ParOldGen       total 197632K, used 62540K [0x0000000780000000, 0x000000078c100000, 0x00000007aab00000)
  object space 197632K, 31% used [0x0000000780000000,0x0000000783d13050,0x000000078c100000)
 Metaspace       used 65299K, capacity 67812K, committed 95232K, reserved 1128448K
  class space    used 8696K, capacity 9581K, committed 15360K, reserved 1048576K
}
Event: 3486.425 GC heap before
{Heap before GC invocations=29 (full 8):
 PSYoungGen      total 298496K, used 151920K [0x00000007aab00000, 0x00000007c0000000, 0x00000007c0000000)
  eden space 260096K, 47% used [0x00000007aab00000,0x00000007b24c6970,0x00000007ba900000)
  from space 38400K, 70% used [0x00000007bd080000,0x00000007beb15830,0x00000007bf600000)
  to   space 40448K, 0% used [0x00000007ba900000,0x00000007ba900000,0x00000007bd080000)
 ParOldGen       total 197632K, used 62540K [0x0000000780000000, 0x000000078c100000, 0x00000007aab00000)
  object space 197632K, 31% used [0x0000000780000000,0x0000000783d13050,0x000000078c100000)
 Metaspace       used 67156K, capacity 70028K, committed 95232K, reserved 1128448K
  class space    used 9016K, capacity 9966K, committed 15360K, reserved 1048576K
Event: 3486.450 GC heap after
Heap after GC invocations=29 (full 8):
 PSYoungGen      total 300544K, used 24668K [0x00000007aab00000, 0x00000007c0000000, 0x00000007c0000000)
  eden space 260096K, 0% used [0x00000007aab00000,0x00000007aab00000,0x00000007ba900000)
  from space 40448K, 60% used [0x00000007ba900000,0x00000007bc117358,0x00000007bd080000)
  to   space 40448K, 0% used [0x00000007bd880000,0x00000007bd880000,0x00000007c0000000)
 ParOldGen       total 197632K, used 62548K [0x0000000780000000, 0x000000078c100000, 0x00000007aab00000)
  object space 197632K, 31% used [0x0000000780000000,0x0000000783d15050,0x000000078c100000)
 Metaspace       used 67156K, capacity 70028K, committed 95232K, reserved 1128448K
  class space    used 9016K, capacity 9966K, committed 15360K, reserved 1048576K
}
Event: 3486.450 GC heap before
{Heap before GC invocations=30 (full 9):
 PSYoungGen      total 300544K, used 24668K [0x00000007aab00000, 0x00000007c0000000, 0x00000007c0000000)
  eden space 260096K, 0% used [0x00000007aab00000,0x00000007aab00000,0x00000007ba900000)
  from space 40448K, 60% used [0x00000007ba900000,0x00000007bc117358,0x00000007bd080000)
  to   space 40448K, 0% used [0x00000007bd880000,0x00000007bd880000,0x00000007c0000000)
 ParOldGen       total 197632K, used 62548K [0x0000000780000000, 0x000000078c100000, 0x00000007aab00000)
  object space 197632K, 31% used [0x0000000780000000,0x0000000783d15050,0x000000078c100000)
 Metaspace       used 67156K, capacity 70028K, committed 95232K, reserved 1128448K
  class space    used 9016K, capacity 9966K, committed 15360K, reserved 1048576K
Event: 3486.964 GC heap after
Heap after GC invocations=30 (full 9):
 PSYoungGen      total 300544K, used 0K [0x00000007aab00000, 0x00000007c0000000, 0x00000007c0000000)
  eden space 260096K, 0% used [0x00000007aab00000,0x00000007aab00000,0x00000007ba900000)
  from space 40448K, 0% used [0x00000007ba900000,0x00000007ba900000,0x00000007bd080000)
  to   space 40448K, 0% used [0x00000007bd880000,0x00000007bd880000,0x00000007c0000000)
 ParOldGen       total 197632K, used 61980K [0x0000000780000000, 0x000000078c100000, 0x00000007aab00000)
  object space 197632K, 31% used [0x0000000780000000,0x0000000783c87160,0x000000078c100000)
 Metaspace       used 67087K, capacity 69800K, committed 95232K, reserved 1128448K
  class space    used 9001K, capacity 9898K, committed 15360K, reserved 1048576K
}

